\BOOKMARK [1][-]{section*.2}{\376\377\000R\000E\000S\000U\000M\000E\000N}{}% 1
\BOOKMARK [1][-]{section*.3}{\376\377\000A\000B\000S\000T\000R\000A\000C\000T}{}% 2
\BOOKMARK [1][-]{section*.4}{\376\377\000P\000R\000\323\000L\000O\000G\000O}{}% 3
\BOOKMARK [1][-]{section*.5}{\376\377\000=\000L\000I\000S\000T\000A\000\040\000D\000E\000\040\000T\000A\000B\000L\000A\000S}{}% 4
\BOOKMARK [1][-]{section*.6}{\376\377\000=\000L\000I\000S\000T\000A\000\040\000D\000E\000\040\000F\000I\000G\000U\000R\000A\000S}{}% 5
\BOOKMARK [1][-]{section*.7}{\376\377\000L\000I\000S\000T\000A\000\040\000D\000E\000\040\000S\000\315\000M\000B\000O\000L\000O\000S\000\040\000Y\000\040\000S\000I\000G\000L\000A\000S}{}% 6
\BOOKMARK [1][-]{section.0.1}{\376\377\000P\000L\000A\000N\000T\000E\000A\000M\000I\000E\000N\000T\000O\000\040\000D\000E\000L\000\040\000P\000R\000O\000B\000L\000E\000M\000A}{}% 7
\BOOKMARK [2][-]{subsection.0.1.1}{\376\377\000E\000n\000u\000n\000c\000i\000a\000d\000o\000\040\000d\000e\000l\000\040\000p\000r\000o\000b\000l\000e\000m\000a}{section.0.1}% 8
\BOOKMARK [2][-]{subsection.0.1.2}{\376\377\000F\000o\000r\000m\000u\000l\000a\000c\000i\000\363\000n\000\040\000d\000e\000l\000\040\000p\000r\000o\000b\000l\000e\000m\000a}{section.0.1}% 9
\BOOKMARK [1][-]{section.0.2}{\376\377\000O\000B\000J\000E\000T\000I\000V\000O\000S}{}% 10
\BOOKMARK [2][-]{subsection.0.2.1}{\376\377\000O\000b\000j\000e\000t\000i\000v\000o\000\040\000g\000e\000n\000e\000r\000a\000l}{section.0.2}% 11
\BOOKMARK [2][-]{subsection.0.2.2}{\376\377\000O\000b\000j\000e\000t\000i\000v\000o\000s\000\040\000e\000s\000p\000e\000c\000\355\000f\000i\000c\000o\000s}{section.0.2}% 12
\BOOKMARK [1][-]{section.0.3}{\376\377\000J\000U\000S\000T\000I\000F\000I\000C\000A\000C\000I\000\323\000N}{}% 13
\BOOKMARK [2][-]{subsection.0.3.1}{\376\377\000J\000u\000s\000t\000i\000f\000i\000c\000a\000c\000i\000\363\000n\000\040\000t\000e\000\363\000r\000i\000c\000a}{section.0.3}% 14
\BOOKMARK [2][-]{subsection.0.3.2}{\376\377\000J\000u\000s\000t\000i\000f\000i\000c\000a\000c\000i\000\363\000n\000\040\000p\000r\000a\000c\000t\000i\000c\000a}{section.0.3}% 15
\BOOKMARK [2][-]{subsection.0.3.3}{\376\377\000J\000u\000s\000t\000i\000f\000i\000c\000a\000c\000i\000\363\000n\000\040\000m\000e\000t\000o\000d\000o\000l\000\363\000g\000i\000c\000a}{section.0.3}% 16
\BOOKMARK [1][-]{section.0.4}{\376\377\000M\000A\000R\000C\000O\000\040\000T\000E\000\323\000R\000I\000C\000O}{}% 17
\BOOKMARK [2][-]{subsection.0.4.1}{\376\377\000M\000a\000r\000c\000o\000\040\000h\000i\000s\000t\000\363\000r\000i\000c\000o}{section.0.4}% 18
\BOOKMARK [2][-]{subsection.0.4.2}{\376\377\000M\000a\000r\000c\000o\000\040\000r\000e\000f\000e\000r\000e\000n\000c\000i\000a\000l}{section.0.4}% 19
\BOOKMARK [2][-]{subsection.0.4.3}{\376\377\000S\000i\000s\000t\000e\000m\000a\000\040\000t\000e\000\363\000r\000i\000c\000o}{section.0.4}% 20
\BOOKMARK [2][-]{subsection.0.4.4}{\376\377\000M\000a\000r\000c\000o\000\040\000c\000o\000n\000c\000e\000p\000t\000u\000a\000l}{section.0.4}% 21
\BOOKMARK [1][-]{section.0.5}{\376\377\000H\000I\000P\000\323\000T\000E\000S\000I\000S}{}% 22
\BOOKMARK [2][-]{subsection.0.5.1}{\376\377\000H\000i\000p\000\363\000t\000e\000s\000i\000s\000\040\000g\000e\000n\000e\000r\000a\000l}{section.0.5}% 23
\BOOKMARK [2][-]{subsection.0.5.2}{\376\377\000H\000i\000p\000\363\000t\000e\000s\000i\000s\000\040\000e\000s\000p\000e\000c\000i\000f\000i\000c\000a}{section.0.5}% 24
\BOOKMARK [1][-]{section.0.6}{\376\377\000V\000A\000R\000I\000A\000B\000L\000E\000S\000\040\000E\000\040\000I\000N\000D\000I\000C\000A\000D\000O\000R\000E\000S}{}% 25
\BOOKMARK [2][-]{subsection.0.6.1}{\376\377\000D\000e\000s\000i\000g\000u\000a\000l\000d\000a\000d\000\040\000s\000o\000c\000i\000o\000-\000e\000c\000o\000n\000\363\000m\000i\000c\000a\000\040\000y\000\040\000d\000i\000m\000e\000n\000s\000i\000o\000n\000e\000s}{section.0.6}% 26
\BOOKMARK [2][-]{subsection.0.6.2}{\376\377\000O\000p\000e\000r\000a\000c\000i\000o\000n\000a\000l\000e\000s\000\040\000d\000e\000\040\000v\000a\000r\000i\000a\000b\000l\000e\000s\000\040\000y\000\040\000d\000i\000m\000e\000n\000s\000i\000o\000n\000e\000s}{section.0.6}% 27
\BOOKMARK [1][-]{section.0.7}{\376\377\000M\000E\000T\000O\000D\000O\000L\000O\000G\000\315\000A}{}% 28
\BOOKMARK [2][-]{subsection.0.7.1}{\376\377\000T\000i\000p\000o\000\040\000y\000\040\000n\000i\000v\000e\000l\000\040\000d\000e\000\040\000i\000n\000v\000e\000s\000t\000i\000g\000a\000c\000i\000\363\000n}{section.0.7}% 29
\BOOKMARK [2][-]{subsection.0.7.2}{\376\377\000P\000o\000b\000l\000a\000c\000i\000\363\000n\000\040\000y\000\040\000m\000u\000e\000s\000t\000r\000a}{section.0.7}% 30
\BOOKMARK [2][-]{subsection.0.7.3}{\376\377\000F\000u\000e\000n\000t\000e\000s\000\040\000d\000e\000\040\000i\000n\000f\000o\000r\000m\000a\000c\000i\000\363\000n}{section.0.7}% 31
\BOOKMARK [2][-]{subsection.0.7.4}{\376\377\000D\000i\000s\000e\000\361\000o\000\040\000d\000e\000\040\000i\000n\000v\000e\000s\000t\000i\000g\000a\000c\000i\000\363\000n}{section.0.7}% 32
\BOOKMARK [2][-]{subsection.0.7.5}{\376\377\000T\000\351\000c\000n\000i\000c\000a\000s\000\040\000e\000\040\000i\000n\000s\000t\000r\000u\000m\000e\000n\000t\000o\000s}{section.0.7}% 33
\BOOKMARK [1][-]{section*.27}{\376\377\000R\000E\000F\000E\000R\000E\000N\000C\000I\000A\000S\000\040\000B\000I\000B\000L\000I\000O\000G\000R\000\301\000F\000I\000C\000A\000S}{}% 34
\BOOKMARK [1][-]{section*.28}{\376\377\000C\000O\000N\000C\000L\000U\000S\000I\000O\000N\000E\000S}{}% 35
\BOOKMARK [1][-]{section*.29}{\376\377\000R\000E\000C\000O\000M\000E\000N\000D\000A\000C\000I\000O\000N\000E\000S}{}% 36
\BOOKMARK [1][-]{section*.30}{\376\377\000A\000N\000E\000X\000O\000S}{}% 37
\BOOKMARK [1][-]{section*.31}{\376\377\000A\000N\000E\000X\000O\000\040\000A\000:\000\040\000C\000\323\000D\000I\000G\000O\000S\000\040\000E\000N\000\040\000P\000Y\000T\000H\000O\000N}{}% 38
\BOOKMARK [2][-]{section*.32}{\376\377\000R\000e\000s\000p\000u\000e\000s\000t\000a\000\040\000S\000\355\000s\000m\000i\000c\000a\000\040\000d\000e\000\040\000u\000n\000a\000\040\000E\000d\000i\000f\000i\000c\000a\000c\000i\000\363\000n\000\040\000c\000o\000n\000\040\000A\000S}{section*.31}% 39
\BOOKMARK [2][-]{lstnumber.0.1.24}{\376\377\000F\000u\000n\000c\000i\000o\000n\000e\000s}{section*.31}% 40
\BOOKMARK [1][-]{section*.33}{\376\377\000A\000N\000E\000X\000O\000\040\000B\000:\000\040\000H\000I\000S\000T\000\311\000R\000E\000S\000I\000S\000\040\000D\000E\000\040\000L\000O\000S\000\040\000D\000I\000S\000P\000O\000S\000I\000T\000I\000V\000O\000S\000\040\000D\000E\000\040\000C\000O\000N\000T\000R\000O\000L}{}% 41
\BOOKMARK [2][-]{section*.34}{\376\377\000E\000d\000i\000f\000i\000c\000i\000o\000\040\000P\000r\000i\000n\000c\000i\000p\000a\000l\000\040\000d\000e\000l\000\040\000A\000e\000r\000o\000p\000u\000e\000r\000t\000o\000\040\000J\000o\000r\000g\000e\000\040\000C\000h\000a\000v\000e\000z}{section*.33}% 42
